------- FILE src/ace.asm LEVEL 1 PASS 2
      1  0c00 ????
      2  0c00 ????				      processor	6502
      3  0c00 ????
      4  0c00 ????				      SEG	BANK00
      5  0000					      ORG	$0000
      6  0000					      RORG	$0000
      7  0000
      8  0000				   ACE-UF00
      9  0000		       41		      .byte.b	$41
     10  0001		       43		      .byte.b	$43
     11  0002		       45		      .byte.b	$45
     12  0003		       2d		      .byte.b	$2D
     13  0004		       55		      .byte.b	$55
     14  0005		       46		      .byte.b	$46
     15  0006		       30		      .byte.b	$30
     16  0007		       30		      .byte.b	$30
     17  0008
     18  0008
     19  0008				   ACE-Driver
     20  0008							; driver name should be a string 16 chars wide exactly
     21  0008							;		  "		   "
     22  0008		       44 50 43 70*	      dc.b	"DPCpPLUSCARTGAME"
     23  0018
     24  0018				   ACE-Driver-Version
     25  0018		       00		      .byte.b	$00
     26  0019		       00		      .byte.b	$00
     27  001a		       00		      .byte.b	$00
     28  001b		       00		      .byte.b	$00
     29  001c
     30  001c				   ACE-RomSize
     31  001c		       00 80 00 00	      .long.l	$8000
     32  0020
     33  0020				   ACE-RomChecksum
     34  0020		       00		      .byte.b	$00
     35  0021		       00		      .byte.b	$00
     36  0022		       00		      .byte.b	$00
     37  0023		       00		      .byte.b	$00
     38  0024
     39  0024				   ACE_Offset
     40  0024		       31 00 00 00	      .long.l	ARMCODE + $00000001	; + $08020200
     41  0028		       44 50 43 70*	      dc.b	"DPCpUF0"
     42  002f
     43  0030		       00		      align	16
     44  0030				   ARMCODE
     45  0030					      incbin	"driver.bin"
     46  08fc
     47  0bff					      org	$0bff
     48  0bff		       ff		      .byte.b	$ff
     49  0c00
     50  0c00					      END
